2025-05-16 09:58:00 | DEBUG | repo=arquillian-phantom-binary | action=test | passed=true
2025-05-06 16:14:00 | INFO | repo=arquillian-phantom-binary | action=edit | files=1
2025-08-10 21:15:00 | DEBUG | repo=arquillian-phantom-binary | action=test | passed=true
2025-01-10 21:12:00 | DEBUG | repo=arquillian-phantom-binary | action=edit | files=5
2025-09-01 18:34:00 | WARN | repo=arquillian-phantom-binary | action=commit
2025-10-16 07:45:00 | WARN | repo=arquillian-phantom-binary | action=commit
2025-05-11 21:21:00 | WARN | repo=arquillian-phantom-binary | action=edit | files=3
2025-07-25 14:05:00 | INFO | repo=arquillian-phantom-binary | action=commit
2025-06-28 11:39:00 | DEBUG | repo=arquillian-phantom-binary | action=edit | files=4
2025-01-02 07:24:00 | INFO | repo=arquillian-phantom-binary | action=edit | files=2
2025-01-21 17:40:00 | INFO | repo=arquillian-phantom-binary | action=edit | files=1
2025-06-01 10:49:00 | INFO | repo=arquillian-phantom-binary | action=pull
2025-12-06 12:06:00 | WARN | repo=arquillian-phantom-binary | action=commit
2025-03-27 19:03:00 | DEBUG | repo=arquillian-phantom-binary | action=test | passed=true
2025-04-27 14:37:00 | DEBUG | repo=arquillian-phantom-binary | action=commit
2025-10-23 08:24:00 | INFO | repo=arquillian-phantom-binary | action=commit
2025-10-08 13:52:00 | DEBUG | repo=arquillian-phantom-binary | action=pull
2025-06-25 08:59:00 | WARN | repo=arquillian-phantom-binary | action=edit | files=3
2025-12-26 16:43:00 | WARN | repo=arquillian-phantom-binary | action=edit | files=1
2025-12-15 12:17:00 | INFO | repo=arquillian-phantom-binary | action=commit
2025-06-17 18:28:00 | INFO | repo=arquillian-phantom-binary | action=edit | files=3
2025-12-04 14:21:00 | INFO | repo=arquillian-phantom-binary | action=test | passed=true
2025-02-09 07:57:00 | WARN | repo=arquillian-phantom-binary | action=pull
2025-12-24 11:17:00 | WARN | repo=arquillian-phantom-binary | action=test | passed=true
2025-07-16 14:07:00 | DEBUG | repo=arquillian-phantom-binary | action=test | passed=true
2025-08-09 10:34:00 | DEBUG | repo=arquillian-phantom-binary | action=commit
2025-07-18 08:34:00 | INFO | repo=arquillian-phantom-binary | action=pull
2025-03-10 13:26:00 | INFO | repo=arquillian-phantom-binary | action=commit
2025-01-22 08:06:00 | INFO | repo=arquillian-phantom-binary | action=commit
2025-01-16 12:39:00 | WARN | repo=arquillian-phantom-binary | action=commit
2025-07-10 21:37:00 | DEBUG | repo=arquillian-phantom-binary | action=pull
2025-04-21 11:18:00 | WARN | repo=arquillian-phantom-binary | action=pull
2025-03-05 08:37:00 | WARN | repo=arquillian-phantom-binary | action=edit | files=4
2025-01-07 16:55:00 | INFO | repo=arquillian-phantom-binary | action=commit
